<?xml version="1.0" encoding="utf-8"?>
<CoverageSession xmlns:xsd="http://www.w3.org/2001/XMLSchema" xmlns:xsi="http://www.w3.org/2001/XMLSchema-instance" Version="0.0.0.0">
  <Summary numSequencePoints="95" visitedSequencePoints="35" numBranchPoints="0" visitedBranchPoints="0" sequenceCoverage="36.84" branchCoverage="0.0" maxCyclomaticComplexity="5" minCyclomaticComplexity="1" maxCrapScore="30" minCrapScore="1" visitedClasses="5" numClasses="12" visitedMethods="8" numMethods="22" />
  <Modules>
    <Module>
      <Summary numSequencePoints="95" visitedSequencePoints="35" numBranchPoints="0" visitedBranchPoints="0" sequenceCoverage="36.84" branchCoverage="0.0" maxCyclomaticComplexity="5" minCyclomaticComplexity="1" maxCrapScore="30" minCrapScore="1" visitedClasses="5" numClasses="12" visitedMethods="8" numMethods="22" />
      <ModuleTime>0001-01-01T00:00:00</ModuleTime>
      <ModuleName>ProjectLogic</ModuleName>
      <Files>
        <File uid="1" fullPath="C:/Users/kdahi/OneDrive/Documents/Unity/TechDemo/TechDemoTest/Assets/Project/Scripts/Core/Build/ResolverInitialization.cs" />
        <File uid="2" fullPath="C:/Users/kdahi/OneDrive/Documents/Unity/TechDemo/TechDemoTest/Assets/Project/Scripts/Core/Logger/LogManager.cs" />
        <File uid="3" fullPath="C:/Users/kdahi/OneDrive/Documents/Unity/TechDemo/TechDemoTest/Assets/Project/Scripts/Core/Serialization/UlidMessagePackFormatter.cs" />
        <File uid="4" fullPath="C:/Users/kdahi/OneDrive/Documents/Unity/TechDemo/TechDemoTest/Assets/Project/Scripts/Core/Serialization/UlidMessagePackResolver.cs" />
        <File uid="5" fullPath="C:/Users/kdahi/OneDrive/Documents/Unity/TechDemo/TechDemoTest/Assets/Project/Scripts/Core/System/AssetSystem.cs" />
        <File uid="6" fullPath="C:/Users/kdahi/OneDrive/Documents/Unity/TechDemo/TechDemoTest/Assets/Project/Scripts/Core/System/SceneSystem.cs" />
      </Files>
      <Classes>
        <Class>
          <Summary numSequencePoints="4" visitedSequencePoints="4" numBranchPoints="0" visitedBranchPoints="0" sequenceCoverage="100.0" branchCoverage="0.0" maxCyclomaticComplexity="1" minCyclomaticComplexity="1" maxCrapScore="1" minCrapScore="1" visitedClasses="1" numClasses="1" visitedMethods="1" numMethods="1" />
          <FullName>ResolverInitialization</FullName>
          <Methods>
            <Method visited="true" cyclomaticComplexity="1" nPathComplexity="0" sequenceCoverage="100.0" branchCoverage="0" crapScore="1" isConstructor="false" isStatic="true" isGetter="false" isSetter="false">
              <Summary numSequencePoints="4" visitedSequencePoints="4" numBranchPoints="0" visitedBranchPoints="0" sequenceCoverage="100.0" branchCoverage="0" maxCyclomaticComplexity="1" minCyclomaticComplexity="1" maxCrapScore="1" minCrapScore="1" visitedClasses="0" numClasses="0" visitedMethods="1" numMethods="1" />
              <MetadataToken>100663298</MetadataToken>
              <Name>static System.Void ResolverInitialization::RegisterResolver()</Name>
              <FileRef uid="1" />
              <SequencePoints>
                <SequencePoint vc="1" uspid="1" ordinal="0" offset="0" sl="11" sc="5" el="11" ec="5" bec="0" bev="0" fileid="1" />
                <SequencePoint vc="1" uspid="2" ordinal="0" offset="1" sl="12" sc="9" el="12" ec="9" bec="0" bev="0" fileid="1" />
                <SequencePoint vc="1" uspid="3" ordinal="0" offset="66" sl="21" sc="9" el="21" ec="9" bec="0" bev="0" fileid="1" />
                <SequencePoint vc="1" uspid="4" ordinal="0" offset="103" sl="26" sc="5" el="26" ec="5" bec="0" bev="0" fileid="1" />
              </SequencePoints>
              <BranchPoints />
            </Method>
          </Methods>
        </Class>
        <Class>
          <Summary numSequencePoints="12" visitedSequencePoints="0" numBranchPoints="0" visitedBranchPoints="0" sequenceCoverage="0.0" branchCoverage="0.0" maxCyclomaticComplexity="1" minCyclomaticComplexity="1" maxCrapScore="2" minCrapScore="2" visitedClasses="0" numClasses="1" visitedMethods="0" numMethods="4" />
          <FullName>LogManager</FullName>
          <Methods>
            <Method visited="false" cyclomaticComplexity="1" nPathComplexity="0" sequenceCoverage="0.0" branchCoverage="0" crapScore="2" isConstructor="false" isStatic="true" isGetter="true" isSetter="false">
              <Summary numSequencePoints="1" visitedSequencePoints="0" numBranchPoints="0" visitedBranchPoints="0" sequenceCoverage="0.0" branchCoverage="0" maxCyclomaticComplexity="1" minCyclomaticComplexity="1" maxCrapScore="2" minCrapScore="2" visitedClasses="0" numClasses="0" visitedMethods="0" numMethods="1" />
              <MetadataToken>100663302</MetadataToken>
              <Name>static Microsoft.Extensions.Logging.ILogger LogManager::get_Logger()</Name>
              <FileRef uid="2" />
              <SequencePoints>
                <SequencePoint vc="0" uspid="5" ordinal="0" offset="0" sl="27" sc="0" el="27" ec="0" bec="0" bev="0" fileid="2" />
              </SequencePoints>
              <BranchPoints />
            </Method>
            <Method visited="false" cyclomaticComplexity="1" nPathComplexity="0" sequenceCoverage="0.0" branchCoverage="0" crapScore="2" isConstructor="false" isStatic="true" isGetter="false" isSetter="false">
              <Summary numSequencePoints="3" visitedSequencePoints="0" numBranchPoints="0" visitedBranchPoints="0" sequenceCoverage="0.0" branchCoverage="0" maxCyclomaticComplexity="1" minCyclomaticComplexity="1" maxCrapScore="2" minCrapScore="2" visitedClasses="0" numClasses="0" visitedMethods="0" numMethods="1" />
              <MetadataToken>100663303</MetadataToken>
              <Name>static Microsoft.Extensions.Logging.ILogger[T] LogManager::GetLogger[T]()</Name>
              <FileRef uid="2" />
              <SequencePoints>
                <SequencePoint vc="0" uspid="6" ordinal="0" offset="0" sl="31" sc="0" el="31" ec="0" bec="0" bev="0" fileid="2" />
                <SequencePoint vc="0" uspid="7" ordinal="0" offset="1" sl="32" sc="0" el="32" ec="0" bec="0" bev="0" fileid="2" />
                <SequencePoint vc="0" uspid="8" ordinal="0" offset="14" sl="33" sc="0" el="33" ec="0" bec="0" bev="0" fileid="2" />
              </SequencePoints>
              <BranchPoints />
            </Method>
            <Method visited="false" cyclomaticComplexity="1" nPathComplexity="0" sequenceCoverage="0.0" branchCoverage="0" crapScore="2" isConstructor="false" isStatic="true" isGetter="false" isSetter="false">
              <Summary numSequencePoints="3" visitedSequencePoints="0" numBranchPoints="0" visitedBranchPoints="0" sequenceCoverage="0.0" branchCoverage="0" maxCyclomaticComplexity="1" minCyclomaticComplexity="1" maxCrapScore="2" minCrapScore="2" visitedClasses="0" numClasses="0" visitedMethods="0" numMethods="1" />
              <MetadataToken>100663304</MetadataToken>
              <Name>static Microsoft.Extensions.Logging.ILogger LogManager::GetLogger(System.String)</Name>
              <FileRef uid="2" />
              <SequencePoints>
                <SequencePoint vc="0" uspid="9" ordinal="0" offset="0" sl="36" sc="0" el="36" ec="0" bec="0" bev="0" fileid="2" />
                <SequencePoint vc="0" uspid="10" ordinal="0" offset="1" sl="37" sc="0" el="37" ec="0" bec="0" bev="0" fileid="2" />
                <SequencePoint vc="0" uspid="11" ordinal="0" offset="15" sl="38" sc="0" el="38" ec="0" bec="0" bev="0" fileid="2" />
              </SequencePoints>
              <BranchPoints />
            </Method>
            <Method visited="false" cyclomaticComplexity="1" nPathComplexity="0" sequenceCoverage="0.0" branchCoverage="0" crapScore="2" isConstructor="true" isStatic="true" isGetter="false" isSetter="false">
              <Summary numSequencePoints="5" visitedSequencePoints="0" numBranchPoints="0" visitedBranchPoints="0" sequenceCoverage="0.0" branchCoverage="0" maxCyclomaticComplexity="1" minCyclomaticComplexity="1" maxCrapScore="2" minCrapScore="2" visitedClasses="0" numClasses="0" visitedMethods="0" numMethods="1" />
              <MetadataToken>100663301</MetadataToken>
              <Name>static LogManager::LogManager()</Name>
              <FileRef uid="2" />
              <SequencePoints>
                <SequencePoint vc="0" uspid="12" ordinal="0" offset="0" sl="11" sc="0" el="11" ec="0" bec="0" bev="0" fileid="2" />
                <SequencePoint vc="0" uspid="13" ordinal="0" offset="1" sl="12" sc="0" el="12" ec="0" bec="0" bev="0" fileid="2" />
                <SequencePoint vc="0" uspid="14" ordinal="0" offset="27" sl="19" sc="0" el="19" ec="0" bec="0" bev="0" fileid="2" />
                <SequencePoint vc="0" uspid="15" ordinal="0" offset="47" sl="21" sc="0" el="21" ec="0" bec="0" bev="0" fileid="2" />
                <SequencePoint vc="0" uspid="16" ordinal="0" offset="69" sl="25" sc="0" el="25" ec="0" bec="0" bev="0" fileid="2" />
              </SequencePoints>
              <BranchPoints />
            </Method>
          </Methods>
        </Class>
        <Class>
          <Summary numSequencePoints="17" visitedSequencePoints="0" numBranchPoints="0" visitedBranchPoints="0" sequenceCoverage="0.0" branchCoverage="0.0" maxCyclomaticComplexity="3" minCyclomaticComplexity="1" maxCrapScore="12" minCrapScore="2" visitedClasses="0" numClasses="1" visitedMethods="0" numMethods="2" />
          <FullName>UlidMessagePackFormatter</FullName>
          <Methods>
            <Method visited="false" cyclomaticComplexity="1" nPathComplexity="0" sequenceCoverage="0.0" branchCoverage="0" crapScore="2" isConstructor="false" isStatic="false" isGetter="false" isSetter="false">
              <Summary numSequencePoints="6" visitedSequencePoints="0" numBranchPoints="0" visitedBranchPoints="0" sequenceCoverage="0.0" branchCoverage="0" maxCyclomaticComplexity="1" minCyclomaticComplexity="1" maxCrapScore="2" minCrapScore="2" visitedClasses="0" numClasses="0" visitedMethods="0" numMethods="1" />
              <MetadataToken>100663305</MetadataToken>
              <Name>System.Void UlidMessagePackFormatter::Serialize(MessagePack.MessagePackWriter&amp;, System.Ulid, MessagePack.MessagePackSerializerOptions)</Name>
              <FileRef uid="3" />
              <SequencePoints>
                <SequencePoint vc="0" uspid="17" ordinal="0" offset="0" sl="9" sc="0" el="9" ec="0" bec="0" bev="0" fileid="3" />
                <SequencePoint vc="0" uspid="18" ordinal="0" offset="1" sl="12" sc="0" el="12" ec="0" bec="0" bev="0" fileid="3" />
                <SequencePoint vc="0" uspid="19" ordinal="0" offset="10" sl="13" sc="0" el="13" ec="0" bec="0" bev="0" fileid="3" />
                <SequencePoint vc="0" uspid="20" ordinal="0" offset="19" sl="14" sc="0" el="14" ec="0" bec="0" bev="0" fileid="3" />
                <SequencePoint vc="0" uspid="21" ordinal="0" offset="28" sl="15" sc="0" el="15" ec="0" bec="0" bev="0" fileid="3" />
                <SequencePoint vc="0" uspid="22" ordinal="0" offset="37" sl="16" sc="0" el="16" ec="0" bec="0" bev="0" fileid="3" />
              </SequencePoints>
              <BranchPoints />
            </Method>
            <Method visited="false" cyclomaticComplexity="3" nPathComplexity="0" sequenceCoverage="0.0" branchCoverage="0" crapScore="12" isConstructor="false" isStatic="false" isGetter="false" isSetter="false">
              <Summary numSequencePoints="11" visitedSequencePoints="0" numBranchPoints="0" visitedBranchPoints="0" sequenceCoverage="0.0" branchCoverage="0" maxCyclomaticComplexity="3" minCyclomaticComplexity="3" maxCrapScore="12" minCrapScore="12" visitedClasses="0" numClasses="0" visitedMethods="0" numMethods="1" />
              <MetadataToken>100663306</MetadataToken>
              <Name>System.Ulid UlidMessagePackFormatter::Deserialize(MessagePack.MessagePackReader&amp;, MessagePack.MessagePackSerializerOptions)</Name>
              <FileRef uid="3" />
              <SequencePoints>
                <SequencePoint vc="0" uspid="23" ordinal="0" offset="0" sl="19" sc="0" el="19" ec="0" bec="0" bev="0" fileid="3" />
                <SequencePoint vc="0" uspid="24" ordinal="0" offset="1" sl="20" sc="0" el="20" ec="0" bec="0" bev="0" fileid="3" />
                <SequencePoint vc="0" uspid="25" ordinal="0" offset="8" sl="21" sc="0" el="21" ec="0" bec="0" bev="0" fileid="3" />
                <SequencePoint vc="0" uspid="26" ordinal="0" offset="22" sl="22" sc="0" el="22" ec="0" bec="0" bev="0" fileid="3" />
                <SequencePoint vc="0" uspid="27" ordinal="0" offset="58" sl="25" sc="0" el="25" ec="0" bec="0" bev="0" fileid="3" />
                <SequencePoint vc="0" uspid="28" ordinal="0" offset="66" sl="26" sc="0" el="26" ec="0" bec="0" bev="0" fileid="3" />
                <SequencePoint vc="0" uspid="29" ordinal="0" offset="79" sl="26" sc="0" el="26" ec="0" bec="0" bev="0" fileid="3" />
                <SequencePoint vc="0" uspid="30" ordinal="0" offset="104" sl="28" sc="0" el="28" ec="0" bec="0" bev="0" fileid="3" />
                <SequencePoint vc="0" uspid="31" ordinal="0" offset="121" sl="29" sc="0" el="29" ec="0" bec="0" bev="0" fileid="3" />
                <SequencePoint vc="0" uspid="32" ordinal="0" offset="130" sl="30" sc="0" el="30" ec="0" bec="0" bev="0" fileid="3" />
                <SequencePoint vc="0" uspid="33" ordinal="0" offset="145" sl="31" sc="0" el="31" ec="0" bec="0" bev="0" fileid="3" />
              </SequencePoints>
              <BranchPoints />
            </Method>
          </Methods>
        </Class>
        <Class>
          <Summary numSequencePoints="4" visitedSequencePoints="1" numBranchPoints="0" visitedBranchPoints="0" sequenceCoverage="25.00" branchCoverage="0.0" maxCyclomaticComplexity="1" minCyclomaticComplexity="1" maxCrapScore="2" minCrapScore="1" visitedClasses="1" numClasses="1" visitedMethods="1" numMethods="2" />
          <FullName>UlidMessagePackResolver</FullName>
          <Methods>
            <Method visited="false" cyclomaticComplexity="1" nPathComplexity="0" sequenceCoverage="0.0" branchCoverage="0" crapScore="2" isConstructor="false" isStatic="false" isGetter="false" isSetter="false">
              <Summary numSequencePoints="3" visitedSequencePoints="0" numBranchPoints="0" visitedBranchPoints="0" sequenceCoverage="0.0" branchCoverage="0" maxCyclomaticComplexity="1" minCyclomaticComplexity="1" maxCrapScore="2" minCrapScore="2" visitedClasses="0" numClasses="0" visitedMethods="0" numMethods="1" />
              <MetadataToken>100663308</MetadataToken>
              <Name>MessagePack.Formatters.IMessagePackFormatter[T] UlidMessagePackResolver::GetFormatter[T]()</Name>
              <FileRef uid="4" />
              <SequencePoints>
                <SequencePoint vc="0" uspid="34" ordinal="0" offset="0" sl="10" sc="0" el="10" ec="0" bec="0" bev="0" fileid="4" />
                <SequencePoint vc="0" uspid="35" ordinal="0" offset="1" sl="11" sc="0" el="11" ec="0" bec="0" bev="0" fileid="4" />
                <SequencePoint vc="0" uspid="36" ordinal="0" offset="9" sl="12" sc="0" el="12" ec="0" bec="0" bev="0" fileid="4" />
              </SequencePoints>
              <BranchPoints />
            </Method>
            <Method visited="true" cyclomaticComplexity="1" nPathComplexity="0" sequenceCoverage="100.0" branchCoverage="0" crapScore="1" isConstructor="true" isStatic="true" isGetter="false" isSetter="false">
              <Summary numSequencePoints="1" visitedSequencePoints="1" numBranchPoints="0" visitedBranchPoints="0" sequenceCoverage="100.0" branchCoverage="0" maxCyclomaticComplexity="1" minCyclomaticComplexity="1" maxCrapScore="1" minCrapScore="1" visitedClasses="0" numClasses="0" visitedMethods="1" numMethods="1" />
              <MetadataToken>100663310</MetadataToken>
              <Name>static UlidMessagePackResolver::UlidMessagePackResolver()</Name>
              <FileRef uid="4" />
              <SequencePoints>
                <SequencePoint vc="1" uspid="37" ordinal="0" offset="0" sl="7" sc="5" el="7" ec="5" bec="0" bev="0" fileid="4" />
              </SequencePoints>
              <BranchPoints />
            </Method>
          </Methods>
        </Class>
        <Class>
          <Summary numSequencePoints="4" visitedSequencePoints="4" numBranchPoints="0" visitedBranchPoints="0" sequenceCoverage="100.0" branchCoverage="0.0" maxCyclomaticComplexity="1" minCyclomaticComplexity="1" maxCrapScore="1" minCrapScore="1" visitedClasses="1" numClasses="1" visitedMethods="1" numMethods="1" />
          <FullName>AssetInfo</FullName>
          <Methods>
            <Method visited="true" cyclomaticComplexity="1" nPathComplexity="0" sequenceCoverage="100.0" branchCoverage="0" crapScore="1" isConstructor="true" isStatic="false" isGetter="false" isSetter="false">
              <Summary numSequencePoints="4" visitedSequencePoints="4" numBranchPoints="0" visitedBranchPoints="0" sequenceCoverage="100.0" branchCoverage="0" maxCyclomaticComplexity="1" minCyclomaticComplexity="1" maxCrapScore="1" minCrapScore="1" visitedClasses="0" numClasses="0" visitedMethods="1" numMethods="1" />
              <MetadataToken>100663311</MetadataToken>
              <Name>AssetInfo::AssetInfo(System.String, UnityEngine.ResourceManagement.ResourceProviders.InstantiationParameters)</Name>
              <FileRef uid="5" />
              <SequencePoints>
                <SequencePoint vc="2" uspid="38" ordinal="0" offset="0" sl="16" sc="5" el="16" ec="5" bec="0" bev="0" fileid="5" />
                <SequencePoint vc="2" uspid="39" ordinal="0" offset="1" sl="17" sc="9" el="17" ec="9" bec="0" bev="0" fileid="5" />
                <SequencePoint vc="2" uspid="40" ordinal="0" offset="8" sl="18" sc="9" el="18" ec="9" bec="0" bev="0" fileid="5" />
                <SequencePoint vc="2" uspid="41" ordinal="0" offset="15" sl="19" sc="5" el="19" ec="5" bec="0" bev="0" fileid="5" />
              </SequencePoints>
              <BranchPoints />
            </Method>
          </Methods>
        </Class>
        <Class>
          <Summary numSequencePoints="21" visitedSequencePoints="21" numBranchPoints="0" visitedBranchPoints="0" sequenceCoverage="100.0" branchCoverage="0.0" maxCyclomaticComplexity="3" minCyclomaticComplexity="1" maxCrapScore="3" minCrapScore="1" visitedClasses="1" numClasses="1" visitedMethods="4" numMethods="4" />
          <FullName>AssetSystem[T]</FullName>
          <Methods>
            <Method visited="true" cyclomaticComplexity="1" nPathComplexity="0" sequenceCoverage="100.0" branchCoverage="0" crapScore="1" isConstructor="false" isStatic="false" isGetter="false" isSetter="false">
              <Summary numSequencePoints="7" visitedSequencePoints="7" numBranchPoints="0" visitedBranchPoints="0" sequenceCoverage="100.0" branchCoverage="0" maxCyclomaticComplexity="1" minCyclomaticComplexity="1" maxCrapScore="1" minCrapScore="1" visitedClasses="0" numClasses="0" visitedMethods="1" numMethods="1" />
              <MetadataToken>100663313</MetadataToken>
              <Name>System.Void AssetSystem[T]::LoadAsset(AssetInfo, System.Collections.Generic.IList[T])</Name>
              <FileRef uid="5" />
              <SequencePoints>
                <SequencePoint vc="13" uspid="42" ordinal="0" offset="0" sl="35" sc="0" el="35" ec="0" bec="0" bev="0" fileid="5" />
                <SequencePoint vc="13" uspid="43" ordinal="0" offset="1" sl="36" sc="0" el="36" ec="0" bec="0" bev="0" fileid="5" />
                <SequencePoint vc="13" uspid="44" ordinal="0" offset="12" sl="37" sc="0" el="37" ec="0" bec="0" bev="0" fileid="5" />
                <SequencePoint vc="13" uspid="45" ordinal="0" offset="36" sl="38" sc="0" el="38" ec="0" bec="0" bev="0" fileid="5" />
                <SequencePoint vc="12" uspid="46" ordinal="0" offset="48" sl="40" sc="0" el="40" ec="0" bec="0" bev="0" fileid="5" />
                <SequencePoint vc="12" uspid="47" ordinal="0" offset="65" sl="42" sc="0" el="42" ec="0" bec="0" bev="0" fileid="5" />
                <SequencePoint vc="12" uspid="48" ordinal="0" offset="71" sl="43" sc="0" el="43" ec="0" bec="0" bev="0" fileid="5" />
              </SequencePoints>
              <BranchPoints />
            </Method>
            <Method visited="true" cyclomaticComplexity="3" nPathComplexity="0" sequenceCoverage="100.0" branchCoverage="0" crapScore="3" isConstructor="false" isStatic="false" isGetter="false" isSetter="false">
              <Summary numSequencePoints="7" visitedSequencePoints="7" numBranchPoints="0" visitedBranchPoints="0" sequenceCoverage="100.0" branchCoverage="0" maxCyclomaticComplexity="3" minCyclomaticComplexity="3" maxCrapScore="3" minCrapScore="3" visitedClasses="0" numClasses="0" visitedMethods="1" numMethods="1" />
              <MetadataToken>100663315</MetadataToken>
              <Name>System.Void AssetSystem[T]::UnloadAllAsset(System.Collections.Generic.IEnumerable[T])</Name>
              <FileRef uid="5" />
              <SequencePoints>
                <SequencePoint vc="1" uspid="49" ordinal="0" offset="0" sl="59" sc="0" el="59" ec="0" bec="0" bev="0" fileid="5" />
                <SequencePoint vc="1" uspid="50" ordinal="0" offset="1" sl="60" sc="0" el="60" ec="0" bec="0" bev="0" fileid="5" />
                <SequencePoint vc="1" uspid="51" ordinal="0" offset="2" sl="60" sc="0" el="60" ec="0" bec="0" bev="0" fileid="5" />
                <SequencePoint vc="12" uspid="52" ordinal="0" offset="11" sl="60" sc="0" el="60" ec="0" bec="0" bev="0" fileid="5" />
                <SequencePoint vc="12" uspid="53" ordinal="0" offset="18" sl="60" sc="0" el="60" ec="0" bec="0" bev="0" fileid="5" />
                <SequencePoint vc="13" uspid="54" ordinal="0" offset="25" sl="60" sc="0" el="60" ec="0" bec="0" bev="0" fileid="5" />
                <SequencePoint vc="1" uspid="55" ordinal="0" offset="46" sl="61" sc="0" el="61" ec="0" bec="0" bev="0" fileid="5" />
              </SequencePoints>
              <BranchPoints />
            </Method>
            <Method visited="true" cyclomaticComplexity="1" nPathComplexity="0" sequenceCoverage="100.0" branchCoverage="0" crapScore="1" isConstructor="false" isStatic="false" isGetter="false" isSetter="false">
              <Summary numSequencePoints="3" visitedSequencePoints="3" numBranchPoints="0" visitedBranchPoints="0" sequenceCoverage="100.0" branchCoverage="0" maxCyclomaticComplexity="1" minCyclomaticComplexity="1" maxCrapScore="1" minCrapScore="1" visitedClasses="0" numClasses="0" visitedMethods="1" numMethods="1" />
              <MetadataToken>100663316</MetadataToken>
              <Name>System.Void AssetSystem[T]::OperationCanceled()</Name>
              <FileRef uid="5" />
              <SequencePoints>
                <SequencePoint vc="1" uspid="56" ordinal="0" offset="0" sl="64" sc="0" el="64" ec="0" bec="0" bev="0" fileid="5" />
                <SequencePoint vc="1" uspid="57" ordinal="0" offset="1" sl="65" sc="0" el="65" ec="0" bec="0" bev="0" fileid="5" />
                <SequencePoint vc="1" uspid="58" ordinal="0" offset="12" sl="66" sc="0" el="66" ec="0" bec="0" bev="0" fileid="5" />
              </SequencePoints>
              <BranchPoints />
            </Method>
            <Method visited="true" cyclomaticComplexity="1" nPathComplexity="0" sequenceCoverage="100.0" branchCoverage="0" crapScore="1" isConstructor="true" isStatic="false" isGetter="false" isSetter="false">
              <Summary numSequencePoints="4" visitedSequencePoints="4" numBranchPoints="0" visitedBranchPoints="0" sequenceCoverage="100.0" branchCoverage="0" maxCyclomaticComplexity="1" minCyclomaticComplexity="1" maxCrapScore="1" minCrapScore="1" visitedClasses="0" numClasses="0" visitedMethods="1" numMethods="1" />
              <MetadataToken>100663312</MetadataToken>
              <Name>AssetSystem[T]::AssetSystem(System.Threading.CancellationToken)</Name>
              <FileRef uid="5" />
              <SequencePoints>
                <SequencePoint vc="4" uspid="59" ordinal="0" offset="0" sl="28" sc="0" el="28" ec="0" bec="0" bev="0" fileid="5" />
                <SequencePoint vc="4" uspid="60" ordinal="0" offset="7" sl="29" sc="0" el="29" ec="0" bec="0" bev="0" fileid="5" />
                <SequencePoint vc="4" uspid="61" ordinal="0" offset="8" sl="30" sc="0" el="30" ec="0" bec="0" bev="0" fileid="5" />
                <SequencePoint vc="4" uspid="62" ordinal="0" offset="15" sl="31" sc="0" el="31" ec="0" bec="0" bev="0" fileid="5" />
              </SequencePoints>
              <BranchPoints />
            </Method>
          </Methods>
        </Class>
        <Class>
          <Summary numSequencePoints="7" visitedSequencePoints="0" numBranchPoints="0" visitedBranchPoints="0" sequenceCoverage="0.0" branchCoverage="0.0" maxCyclomaticComplexity="1" minCyclomaticComplexity="1" maxCrapScore="2" minCrapScore="2" visitedClasses="0" numClasses="1" visitedMethods="0" numMethods="2" />
          <FullName>SceneSystem</FullName>
          <Methods>
            <Method visited="false" cyclomaticComplexity="1" nPathComplexity="0" sequenceCoverage="0.0" branchCoverage="0" crapScore="2" isConstructor="false" isStatic="false" isGetter="false" isSetter="false">
              <Summary numSequencePoints="3" visitedSequencePoints="0" numBranchPoints="0" visitedBranchPoints="0" sequenceCoverage="0.0" branchCoverage="0" maxCyclomaticComplexity="1" minCyclomaticComplexity="1" maxCrapScore="2" minCrapScore="2" visitedClasses="0" numClasses="0" visitedMethods="0" numMethods="1" />
              <MetadataToken>100663320</MetadataToken>
              <Name>System.Void SceneSystem::OperationCanceled()</Name>
              <FileRef uid="6" />
              <SequencePoints>
                <SequencePoint vc="0" uspid="63" ordinal="0" offset="0" sl="35" sc="0" el="35" ec="0" bec="0" bev="0" fileid="6" />
                <SequencePoint vc="0" uspid="64" ordinal="0" offset="1" sl="36" sc="0" el="36" ec="0" bec="0" bev="0" fileid="6" />
                <SequencePoint vc="0" uspid="65" ordinal="0" offset="12" sl="37" sc="0" el="37" ec="0" bec="0" bev="0" fileid="6" />
              </SequencePoints>
              <BranchPoints />
            </Method>
            <Method visited="false" cyclomaticComplexity="1" nPathComplexity="0" sequenceCoverage="0.0" branchCoverage="0" crapScore="2" isConstructor="true" isStatic="false" isGetter="false" isSetter="false">
              <Summary numSequencePoints="4" visitedSequencePoints="0" numBranchPoints="0" visitedBranchPoints="0" sequenceCoverage="0.0" branchCoverage="0" maxCyclomaticComplexity="1" minCyclomaticComplexity="1" maxCrapScore="2" minCrapScore="2" visitedClasses="0" numClasses="0" visitedMethods="0" numMethods="1" />
              <MetadataToken>100663317</MetadataToken>
              <Name>SceneSystem::SceneSystem(System.Threading.CancellationToken)</Name>
              <FileRef uid="6" />
              <SequencePoints>
                <SequencePoint vc="0" uspid="66" ordinal="0" offset="0" sl="12" sc="0" el="12" ec="0" bec="0" bev="0" fileid="6" />
                <SequencePoint vc="0" uspid="67" ordinal="0" offset="7" sl="13" sc="0" el="13" ec="0" bec="0" bev="0" fileid="6" />
                <SequencePoint vc="0" uspid="68" ordinal="0" offset="8" sl="14" sc="0" el="14" ec="0" bec="0" bev="0" fileid="6" />
                <SequencePoint vc="0" uspid="69" ordinal="0" offset="15" sl="15" sc="0" el="15" ec="0" bec="0" bev="0" fileid="6" />
              </SequencePoints>
              <BranchPoints />
            </Method>
          </Methods>
        </Class>
        <Class>
          <Summary numSequencePoints="7" visitedSequencePoints="0" numBranchPoints="0" visitedBranchPoints="0" sequenceCoverage="0.0" branchCoverage="0.0" maxCyclomaticComplexity="1" minCyclomaticComplexity="1" maxCrapScore="2" minCrapScore="2" visitedClasses="0" numClasses="1" visitedMethods="0" numMethods="2" />
          <FullName>LogManager/&lt;&gt;c</FullName>
          <Methods>
            <Method visited="false" cyclomaticComplexity="1" nPathComplexity="0" sequenceCoverage="0.0" branchCoverage="0" crapScore="2" isConstructor="false" isStatic="false" isGetter="false" isSetter="false">
              <Summary numSequencePoints="4" visitedSequencePoints="0" numBranchPoints="0" visitedBranchPoints="0" sequenceCoverage="0.0" branchCoverage="0" maxCyclomaticComplexity="1" minCyclomaticComplexity="1" maxCrapScore="2" minCrapScore="2" visitedClasses="0" numClasses="0" visitedMethods="0" numMethods="1" />
              <MetadataToken>100663525</MetadataToken>
              <Name>System.Void LogManager/&lt;&gt;c::&lt;.cctor&gt;b__2_0(Microsoft.Extensions.Logging.ILoggingBuilder)</Name>
              <FileRef uid="2" />
              <SequencePoints>
                <SequencePoint vc="0" uspid="70" ordinal="0" offset="0" sl="13" sc="0" el="13" ec="0" bec="0" bev="0" fileid="2" />
                <SequencePoint vc="0" uspid="71" ordinal="0" offset="1" sl="14" sc="0" el="14" ec="0" bec="0" bev="0" fileid="2" />
                <SequencePoint vc="0" uspid="72" ordinal="0" offset="9" sl="16" sc="0" el="16" ec="0" bec="0" bev="0" fileid="2" />
                <SequencePoint vc="0" uspid="73" ordinal="0" offset="16" sl="17" sc="0" el="17" ec="0" bec="0" bev="0" fileid="2" />
              </SequencePoints>
              <BranchPoints />
            </Method>
            <Method visited="false" cyclomaticComplexity="1" nPathComplexity="0" sequenceCoverage="0.0" branchCoverage="0" crapScore="2" isConstructor="false" isStatic="false" isGetter="false" isSetter="false">
              <Summary numSequencePoints="3" visitedSequencePoints="0" numBranchPoints="0" visitedBranchPoints="0" sequenceCoverage="0.0" branchCoverage="0" maxCyclomaticComplexity="1" minCyclomaticComplexity="1" maxCrapScore="2" minCrapScore="2" visitedClasses="0" numClasses="0" visitedMethods="0" numMethods="1" />
              <MetadataToken>100663526</MetadataToken>
              <Name>System.Void LogManager/&lt;&gt;c::&lt;.cctor&gt;b__2_1()</Name>
              <FileRef uid="2" />
              <SequencePoints>
                <SequencePoint vc="0" uspid="74" ordinal="0" offset="0" sl="22" sc="0" el="22" ec="0" bec="0" bev="0" fileid="2" />
                <SequencePoint vc="0" uspid="75" ordinal="0" offset="1" sl="23" sc="0" el="23" ec="0" bec="0" bev="0" fileid="2" />
                <SequencePoint vc="0" uspid="76" ordinal="0" offset="12" sl="24" sc="0" el="24" ec="0" bec="0" bev="0" fileid="2" />
              </SequencePoints>
              <BranchPoints />
            </Method>
          </Methods>
        </Class>
        <Class>
          <Summary numSequencePoints="4" visitedSequencePoints="0" numBranchPoints="0" visitedBranchPoints="0" sequenceCoverage="0.0" branchCoverage="0.0" maxCyclomaticComplexity="2" minCyclomaticComplexity="2" maxCrapScore="6" minCrapScore="6" visitedClasses="0" numClasses="1" visitedMethods="0" numMethods="1" />
          <FullName>UlidMessagePackResolverCache[T]</FullName>
          <Methods>
            <Method visited="false" cyclomaticComplexity="2" nPathComplexity="0" sequenceCoverage="0.0" branchCoverage="0" crapScore="6" isConstructor="true" isStatic="true" isGetter="false" isSetter="false">
              <Summary numSequencePoints="4" visitedSequencePoints="0" numBranchPoints="0" visitedBranchPoints="0" sequenceCoverage="0.0" branchCoverage="0" maxCyclomaticComplexity="2" minCyclomaticComplexity="2" maxCrapScore="6" minCrapScore="6" visitedClasses="0" numClasses="0" visitedMethods="0" numMethods="1" />
              <MetadataToken>100663527</MetadataToken>
              <Name>static UlidMessagePackResolverCache[T]::Cache()</Name>
              <FileRef uid="4" />
              <SequencePoints>
                <SequencePoint vc="0" uspid="77" ordinal="0" offset="0" sl="19" sc="0" el="19" ec="0" bec="0" bev="0" fileid="4" />
                <SequencePoint vc="0" uspid="78" ordinal="0" offset="1" sl="20" sc="0" el="20" ec="0" bec="0" bev="0" fileid="4" />
                <SequencePoint vc="0" uspid="79" ordinal="0" offset="30" sl="21" sc="0" el="21" ec="0" bec="0" bev="0" fileid="4" />
                <SequencePoint vc="0" uspid="80" ordinal="0" offset="45" sl="22" sc="0" el="22" ec="0" bec="0" bev="0" fileid="4" />
              </SequencePoints>
              <BranchPoints />
            </Method>
          </Methods>
        </Class>
        <Class>
          <Summary numSequencePoints="5" visitedSequencePoints="5" numBranchPoints="0" visitedBranchPoints="0" sequenceCoverage="100.0" branchCoverage="0.0" maxCyclomaticComplexity="5" minCyclomaticComplexity="5" maxCrapScore="5" minCrapScore="5" visitedClasses="1" numClasses="1" visitedMethods="1" numMethods="1" />
          <FullName>AssetSystem[T]/&lt;InstantiateAsset&gt;d__3</FullName>
          <Methods>
            <Method visited="true" cyclomaticComplexity="5" nPathComplexity="0" sequenceCoverage="100.0" branchCoverage="0" crapScore="5" isConstructor="false" isStatic="false" isGetter="false" isSetter="false">
              <Summary numSequencePoints="5" visitedSequencePoints="5" numBranchPoints="0" visitedBranchPoints="0" sequenceCoverage="100.0" branchCoverage="0" maxCyclomaticComplexity="5" minCyclomaticComplexity="5" maxCrapScore="5" minCrapScore="5" visitedClasses="0" numClasses="0" visitedMethods="1" numMethods="1" />
              <MetadataToken>100663529</MetadataToken>
              <Name>System.Void AssetSystem[T]/&lt;InstantiateAsset&gt;d__3::MoveNext()</Name>
              <FileRef uid="5" />
              <SequencePoints>
                <SequencePoint vc="12" uspid="81" ordinal="0" offset="25" sl="47" sc="0" el="47" ec="0" bec="0" bev="0" fileid="5" />
                <SequencePoint vc="12" uspid="82" ordinal="0" offset="26" sl="48" sc="0" el="48" ec="0" bec="0" bev="0" fileid="5" />
                <SequencePoint vc="12" uspid="83" ordinal="0" offset="178" sl="52" sc="0" el="52" ec="0" bec="0" bev="0" fileid="5" />
                <SequencePoint vc="12" uspid="84" ordinal="0" offset="346" sl="55" sc="0" el="55" ec="0" bec="0" bev="0" fileid="5" />
                <SequencePoint vc="12" uspid="85" ordinal="0" offset="416" sl="56" sc="0" el="56" ec="0" bec="0" bev="0" fileid="5" />
              </SequencePoints>
              <BranchPoints />
            </Method>
          </Methods>
        </Class>
        <Class>
          <Summary numSequencePoints="7" visitedSequencePoints="0" numBranchPoints="0" visitedBranchPoints="0" sequenceCoverage="0.0" branchCoverage="0.0" maxCyclomaticComplexity="5" minCyclomaticComplexity="5" maxCrapScore="30" minCrapScore="30" visitedClasses="0" numClasses="1" visitedMethods="0" numMethods="1" />
          <FullName>SceneSystem/&lt;LoadSceneAsync&gt;d__2</FullName>
          <Methods>
            <Method visited="false" cyclomaticComplexity="5" nPathComplexity="0" sequenceCoverage="0.0" branchCoverage="0" crapScore="30" isConstructor="false" isStatic="false" isGetter="false" isSetter="false">
              <Summary numSequencePoints="7" visitedSequencePoints="0" numBranchPoints="0" visitedBranchPoints="0" sequenceCoverage="0.0" branchCoverage="0" maxCyclomaticComplexity="5" minCyclomaticComplexity="5" maxCrapScore="30" minCrapScore="30" visitedClasses="0" numClasses="0" visitedMethods="0" numMethods="1" />
              <MetadataToken>100663532</MetadataToken>
              <Name>System.Void SceneSystem/&lt;LoadSceneAsync&gt;d__2::MoveNext()</Name>
              <FileRef uid="6" />
              <SequencePoints>
                <SequencePoint vc="0" uspid="86" ordinal="0" offset="25" sl="19" sc="0" el="19" ec="0" bec="0" bev="0" fileid="6" />
                <SequencePoint vc="0" uspid="87" ordinal="0" offset="26" sl="20" sc="0" el="20" ec="0" bec="0" bev="0" fileid="6" />
                <SequencePoint vc="0" uspid="88" ordinal="0" offset="60" sl="21" sc="0" el="21" ec="0" bec="0" bev="0" fileid="6" />
                <SequencePoint vc="0" uspid="89" ordinal="0" offset="77" sl="23" sc="0" el="23" ec="0" bec="0" bev="0" fileid="6" />
                <SequencePoint vc="0" uspid="90" ordinal="0" offset="203" sl="24" sc="0" el="24" ec="0" bec="0" bev="0" fileid="6" />
                <SequencePoint vc="0" uspid="91" ordinal="0" offset="351" sl="26" sc="0" el="26" ec="0" bec="0" bev="0" fileid="6" />
                <SequencePoint vc="0" uspid="92" ordinal="0" offset="405" sl="27" sc="0" el="27" ec="0" bec="0" bev="0" fileid="6" />
              </SequencePoints>
              <BranchPoints />
            </Method>
          </Methods>
        </Class>
        <Class>
          <Summary numSequencePoints="3" visitedSequencePoints="0" numBranchPoints="0" visitedBranchPoints="0" sequenceCoverage="0.0" branchCoverage="0.0" maxCyclomaticComplexity="3" minCyclomaticComplexity="3" maxCrapScore="12" minCrapScore="12" visitedClasses="0" numClasses="1" visitedMethods="0" numMethods="1" />
          <FullName>SceneSystem/&lt;UnloadScene&gt;d__3</FullName>
          <Methods>
            <Method visited="false" cyclomaticComplexity="3" nPathComplexity="0" sequenceCoverage="0.0" branchCoverage="0" crapScore="12" isConstructor="false" isStatic="false" isGetter="false" isSetter="false">
              <Summary numSequencePoints="3" visitedSequencePoints="0" numBranchPoints="0" visitedBranchPoints="0" sequenceCoverage="0.0" branchCoverage="0" maxCyclomaticComplexity="3" minCyclomaticComplexity="3" maxCrapScore="12" minCrapScore="12" visitedClasses="0" numClasses="0" visitedMethods="0" numMethods="1" />
              <MetadataToken>100663535</MetadataToken>
              <Name>System.Void SceneSystem/&lt;UnloadScene&gt;d__3::MoveNext()</Name>
              <FileRef uid="6" />
              <SequencePoints>
                <SequencePoint vc="0" uspid="93" ordinal="0" offset="14" sl="30" sc="0" el="30" ec="0" bec="0" bev="0" fileid="6" />
                <SequencePoint vc="0" uspid="94" ordinal="0" offset="15" sl="31" sc="0" el="31" ec="0" bec="0" bev="0" fileid="6" />
                <SequencePoint vc="0" uspid="95" ordinal="0" offset="140" sl="32" sc="0" el="32" ec="0" bec="0" bev="0" fileid="6" />
              </SequencePoints>
              <BranchPoints />
            </Method>
          </Methods>
        </Class>
      </Classes>
    </Module>
  </Modules>
</CoverageSession>